     1 00000000                                 ; hello-os
     2 00000000                                 ; TAB=4
     3 00000000                                 
     4                                          		ORG		0x7c00			; 指明程序的装载地址
     5 00007C00                                 
     6 00007C00                                 ; 以下这段是标准FAT12格式软盘专用的代码
     7 00007C00 EB 4E                           		JMP		entry
     8 00007C02 90                              		DB		0x90
     9 00007C03 48 45 4C 4C 4F 49 50 4C         		DB		"HELLOIPL"		; 启动区的名字
    10 00007C0B 0200                            		DW		512			; 每个扇区的大小，必须为512个字节
    11 00007C0D 01                              		DB		1			; 簇大小，必须为一个扇区
    12 00007C0E 0001                            		DW		1			; FAT的起始位置，一般从第一个扇区开始
    13 00007C10 02                              		DB		2			; FAT的个数必须为2
    14 00007C11 00E0                            		DW		224			; 根目录的大小，一般设置成224
    15 00007C13 0B40                            		DW		2880			; 该磁盘的的大小，必须为2880个扇区
    16 00007C15 F0                              		DB		0xf0			; 磁盘的种类（必须是0xf0）
    17 00007C16 0009                            		DW		9			; FAT的长度，必须为9个扇区
    18 00007C18 0012                            		DW		18			; 1个磁道有多少个扇区，必须为18
    19 00007C1A 0002                            		DW		2			; 磁头数，必须为2
    20 00007C1C 00000000                        		DD		0			; 不使用分区，必须为0
    21 00007C20 00000B40                        		DD		2880			; 此判断的大小
    22 00007C24 00 00 29                        		DB		0,0,0x29		; 意义不明，固定
    23 00007C27 FFFFFFFF                        		DD		0xffffffff		; 可能是卷标的号码
    24 00007C2B 48 45 4C 4C 4F 2D 4F 53 20 20   		DB		"HELLO-OS   "	        ; 磁盘的名称（11个字节）
       00007C35 20 
    25 00007C36 46 41 54 31 32 20 20 20         		DB		"FAT12   "		; 磁盘格式名称（8字节）
    26 00007C3E 00 00 00 00 00 00 00 00 00 00   		RESB	18				; 先空出18字节
       00007C48 00 00 00 00 00 00 00 00 
    27 00007C50                                 
    28 00007C50                                 ; 程序核心
    29 00007C50                                 entry:
    30 00007C50 B8 0000                         		MOV		AX,0			; 初始化寄存器
    31 00007C53 8E D0                           		MOV		SS,AX
    32 00007C55 BC 7C00                         		MOV		SP,0x7c00
    33 00007C58 8E D8                           		MOV		DS,AX
    34 00007C5A 8E C0                           		MOV		ES,AX
    35 00007C5C                                 
    36 00007C5C BE 7C74                         		MOV		SI,msg
    37 00007C5F                                 putloop:
    38 00007C5F 8A 04                           		MOV		AL,[SI]
    39 00007C61 83 C6 01                        		ADD		SI,1			; SI + 1
    40 00007C64 3C 00                           		CMP		AL,0
    41 00007C66 74 09                           		JE		fin
    42 00007C68 B4 0E                           		MOV		AH,0x0e			; 显示一个文字
    43 00007C6A BB 000F                         		MOV		BX,15			; 指定字符颜色
    44 00007C6D CD 10                           		INT		0x10			; 调用显卡BIOS
    45 00007C6F EB EE                           		JMP		putloop
    46 00007C71                                 fin:
    47 00007C71 F4                              		HLT					; 让CPU停止，等待指令
    48 00007C72 EB FD                           		JMP		fin			; 无限循环
    49 00007C74                                 
    50 00007C74                                 msg:
    51 00007C74 0A 0A                           		DB		0x0a, 0x0a		; 换行两次
    52 00007C76 68 65 6C 6C 6F 2C 20 77 6F 72   		DB		"hello, world orz-ai"
       00007C80 6C 64 20 6F 72 7A 2D 61 69 
    53 00007C89 0A                              		DB		0x0a			; 换行
    54 00007C8A 00                              		DB		0
    55 00007C8B                                 
    56 00007C8B 00 00 00 00 00 00 00 00 00 00   		RESB	        0x7dfe-$		; 用0x00填充到0x7dfe
       00007C95 00 00 00 00 00 00 00 00 00 00 
       00007C9F 00 00 00 00 00 00 00 00 00 00 
       00007CA9 00 00 00 00 00 00 00 00 00 00 
       00007CB3 00 00 00 00 00 00 00 00 00 00 
       00007CBD 00 00 00 00 00 00 00 00 00 00 
       00007CC7 00 00 00 00 00 00 00 00 00 00 
       00007CD1 00 00 00 00 00 00 00 00 00 00 
       00007CDB 00 00 00 00 00 00 00 00 00 00 
       00007CE5 00 00 00 00 00 00 00 00 00 00 
       00007CEF 00 00 00 00 00 00 00 00 00 00 
       00007CF9 00 00 00 00 00 00 00 00 00 00 
       00007D03 00 00 00 00 00 00 00 00 00 00 
       00007D0D 00 00 00 00 00 00 00 00 00 00 
       00007D17 00 00 00 00 00 00 00 00 00 00 
       00007D21 00 00 00 00 00 00 00 00 00 00 
       00007D2B 00 00 00 00 00 00 00 00 00 00 
       00007D35 00 00 00 00 00 00 00 00 00 00 
       00007D3F 00 00 00 00 00 00 00 00 00 00 
       00007D49 00 00 00 00 00 00 00 00 00 00 
       00007D53 00 00 00 00 00 00 00 00 00 00 
       00007D5D 00 00 00 00 00 00 00 00 00 00 
       00007D67 00 00 00 00 00 00 00 00 00 00 
       00007D71 00 00 00 00 00 00 00 00 00 00 
       00007D7B 00 00 00 00 00 00 00 00 00 00 
       00007D85 00 00 00 00 00 00 00 00 00 00 
       00007D8F 00 00 00 00 00 00 00 00 00 00 
       00007D99 00 00 00 00 00 00 00 00 00 00 
       00007DA3 00 00 00 00 00 00 00 00 00 00 
       00007DAD 00 00 00 00 00 00 00 00 00 00 
       00007DB7 00 00 00 00 00 00 00 00 00 00 
       00007DC1 00 00 00 00 00 00 00 00 00 00 
       00007DCB 00 00 00 00 00 00 00 00 00 00 
       00007DD5 00 00 00 00 00 00 00 00 00 00 
       00007DDF 00 00 00 00 00 00 00 00 00 00 
       00007DE9 00 00 00 00 00 00 00 00 00 00 
       00007DF3 00 00 00 00 00 00 00 00 00 00 
       00007DFD 00 
    57 00007DFE                                 
    58 00007DFE 55 AA                           		DB		0x55, 0xaa