     1 00000000                                 ; haribote-os
     2 00000000                                 ; TAB=4
     3 00000000                                 
     4 00000000                                 ; 有关BOOT_INFO
     5  = 00000FF0                              CYLS    EQU     0x0ff0                  ; 设定启动区
     6  = 00000FF1                              LEDS    EQU     0x0ff1                  ; 
     7  = 00000FF2                              VMODE   EQU     0x0ff2                  ; 关于颜色数目的信息，颜色的位数
     8  = 00000FF4                              SCRNX   EQU     0x0ff4                  ; 分辨率x(screen x)
     9  = 00000FF6                              SCRNY   EQU     0x0ff6                  ; 分辨率y(screen y)
    10  = 00000FF8                              VRAM    EQU     0x0ff8                  ; 图像缓冲区的开始地址
    11 00000000                                 
    12 00000000                                 
    13                                                          ORG		0xc200			; 指定程序的装载地址是内存 0xc200
    14 0000C200                                 
    15 0000C200 B0 13                                           MOV     AL, 0x13        ; VGA显卡，320*320*8位彩色
    16 0000C202 B4 00                                           MOV     AH, 0x00
    17 0000C204 CD 10                                           INT     0x10
    18 0000C206                                 
    19 0000C206 C6 06 0FF2 08                                   MOV     BYTE [VMODE], 8  ; 记录画面模式
    20 0000C20B C7 06 0FF4 0140                                 MOV     WORD [SCRNX], 320
    21 0000C211 C7 06 0FF6 00C8                                 MOV     WORD [SCRNY], 200
    22 0000C217 66 C7 06 0FF8 000A0000                          MOV     DWORD [VRAM], 0x000a0000
    23 0000C220                                 
    24 0000C220                                 ; 用BIOS取得键盘上的各种LED指示灯的状态
    25 0000C220 B4 20                                           MOV     AH, 0x20
    26 0000C222 CD 16                                           INT     0x16            ; keyboard BIOS
    27 0000C224 A2 0FF1                                         MOV     [LEDS], AL
    28 0000C227                                 
    29 0000C227                                 fin:
    30 0000C227 F4                                              HLT
    31 0000C228 EB FD                                           JMP		fin